2021-03-20 21:43:25,130 Namespace(cfg='experiments/300w/face_alignment_300w_hrnet_w18.yaml', detector_model='detection/face_detector.prototxt', detector_weights='detection/face_detector.caffemodel', device='cpu', landmark_model='HR18-300W.pth', mask_image='masks/anti_covid.png')
2021-03-20 21:43:25,133 {'AUTO_RESUME': False,
 'CUDNN': CfgNode({'BENCHMARK': True, 'DETERMINISTIC': False, 'ENABLED': True}),
 'DATASET': {'DATASET': '300W',
             'FLIP': True,
             'ROOT': './data/300w/images',
             'ROT_FACTOR': 30,
             'SCALE_FACTOR': 0.25,
             'TESTSET': './data/300w/face_landmarks_300w_valid.csv',
             'TRAINSET': './data/300w/face_landmarks_300w_train.csv'},
 'GPUS': (0,),
 'LOG_DIR': 'log',
 'MODEL': {'EXTRA': {'FINAL_CONV_KERNEL': 1,
                     'PRETRAINED_LAYERS': ['*'],
                     'STAGE2': {'BLOCK': 'BASIC',
                                'FUSE_METHOD': 'SUM',
                                'NUM_BLOCKS': [4, 4],
                                'NUM_BRANCHES': 2,
                                'NUM_CHANNELS': [18, 36],
                                'NUM_MODULES': 1},
                     'STAGE3': {'BLOCK': 'BASIC',
                                'FUSE_METHOD': 'SUM',
                                'NUM_BLOCKS': [4, 4, 4],
                                'NUM_BRANCHES': 3,
                                'NUM_CHANNELS': [18, 36, 72],
                                'NUM_MODULES': 4},
                     'STAGE4': {'BLOCK': 'BASIC',
                                'FUSE_METHOD': 'SUM',
                                'NUM_BLOCKS': [4, 4, 4, 4],
                                'NUM_BRANCHES': 4,
                                'NUM_CHANNELS': [18, 36, 72, 144],
                                'NUM_MODULES': 3},
                     'STEM_INPLANES': 64,
                     'WITH_HEAD': True},
           'HEATMAP_SIZE': [64, 64],
           'IMAGE_SIZE': [256, 256],
           'INIT_WEIGHTS': True,
           'MEAN': [0.485, 0.456, 0.406],
           'NAME': 'hrnet',
           'NUM_JOINTS': 68,
           'PRETRAINED': 'hrnetv2_pretrained/hrnetv2_w18_imagenet_pretrained.pth',
           'SIGMA': 1.0,
           'STD': [0.229, 0.224, 0.225],
           'TARGET_TYPE': 'Gaussian'},
 'OUTPUT_DIR': 'output',
 'PIN_MEMORY': True,
 'PRINT_FREQ': 50,
 'TEST': CfgNode({'BATCH_SIZE_PER_GPU': 8}),
 'TRAIN': {'BATCH_SIZE_PER_GPU': 16,
           'BEGIN_EPOCH': 0,
           'CHECKPOINT': '',
           'END_EPOCH': 60,
           'LR': 0.0001,
           'LR_FACTOR': 0.1,
           'LR_STEP': [30, 50],
           'MOMENTUM': 0.0,
           'NESTEROV': False,
           'OPTIMIZER': 'adam',
           'RESUME': True,
           'SHUFFLE': True,
           'WD': 0.0},
 'WORKERS': 4}
2021-03-20 21:43:25,582 => init weights from normal distribution
